<?xml version="1.0" encoding="UTF-8"?>
<testng-results total="4" passed="4" failed="0" skipped="0">
  <reporter-output>
  </reporter-output>
  <suite started-at="2020-03-06T12:08:37Z" name="softwaretestingmaterial" finished-at="2020-03-06T12:10:48Z" duration-ms="130972">
    <groups>
    </groups>
    <test started-at="2020-03-06T12:08:37Z" name="testngTest" finished-at="2020-03-06T12:10:48Z" duration-ms="130972">
      <class name="nextbridge.pk_VisualValidation_MainCode.mainPage">
        <test-method is-config="true" signature="parametersInitializing(java.lang.String)[pri:0, instance:nextbridge.pk_VisualValidation_MainCode.mainPage@15761df8]" started-at="2020-03-06T17:08:37Z" name="parametersInitializing" finished-at="2020-03-06T17:08:43Z" duration-ms="6165" status="PASS">
          <params>
            <param index="0">
              <value>
                <![CDATA[Last Five]]>
              </value>
            </param>
          </params>
          <reporter-output>
          </reporter-output>
        </test-method> <!-- parametersInitializing -->
        <test-method signature="mainPageOpening(java.lang.String, java.lang.String)[pri:0, instance:nextbridge.pk_VisualValidation_MainCode.mainPage@15761df8]" started-at="2020-03-06T17:08:43Z" name="mainPageOpening" finished-at="2020-03-06T17:08:52Z" duration-ms="9199" status="PASS">
          <params>
            <param index="0">
              <value>
                <![CDATA[Last Five test App]]>
              </value>
            </param>
            <param index="1">
              <value>
                <![CDATA[Last Five Tests]]>
              </value>
            </param>
          </params>
          <reporter-output>
          </reporter-output>
        </test-method> <!-- mainPageOpening -->
        <test-method signature="roboticsWorkClick()[pri:0, instance:nextbridge.pk_VisualValidation_MainCode.mainPage@15761df8]" started-at="2020-03-06T17:08:52Z" name="roboticsWorkClick" finished-at="2020-03-06T17:09:04Z" duration-ms="11498" status="PASS">
          <reporter-output>
          </reporter-output>
        </test-method> <!-- roboticsWorkClick -->
        <test-method signature="socialActivitiesClick()[pri:0, instance:nextbridge.pk_VisualValidation_MainCode.mainPage@15761df8]" started-at="2020-03-06T17:09:04Z" name="socialActivitiesClick" finished-at="2020-03-06T17:10:32Z" duration-ms="88705" status="PASS">
          <reporter-output>
          </reporter-output>
        </test-method> <!-- socialActivitiesClick -->
        <test-method signature="careersClick()[pri:0, instance:nextbridge.pk_VisualValidation_MainCode.mainPage@15761df8]" started-at="2020-03-06T17:10:32Z" name="careersClick" finished-at="2020-03-06T17:10:45Z" duration-ms="12913" status="PASS">
          <reporter-output>
          </reporter-output>
        </test-method> <!-- careersClick -->
        <test-method is-config="true" signature="Destroy()[pri:0, instance:nextbridge.pk_VisualValidation_MainCode.mainPage@15761df8]" started-at="2020-03-06T17:10:45Z" name="Destroy" finished-at="2020-03-06T17:10:48Z" duration-ms="2459" status="PASS">
          <reporter-output>
          </reporter-output>
        </test-method> <!-- Destroy -->
      </class> <!-- nextbridge.pk_VisualValidation_MainCode.mainPage -->
    </test> <!-- testngTest -->
  </suite> <!-- softwaretestingmaterial -->
</testng-results>
