<?xml version="1.0" encoding="UTF-8"?>
<!-- Generated by org.testng.reporters.JUnitXMLReporter -->
<testsuite ignored="8" hostname="NX00441" failures="0" tests="5" name="testngTest" time="59.811" errors="0" timestamp="2020-03-05T20:00:03 PKT">
  <testcase classname="nextbridge.com_VisualValidation_MainCode.mainPage" name="@AfterClass Destroy" time="0.006">
    <failure type="java.lang.NullPointerException">
      <![CDATA[java.lang.NullPointerException
at nextbridge.com_VisualValidation_MainCode.mainPage.Destroy(mainPage.java:197)
at java.base/java.util.ArrayList.forEach(ArrayList.java:1507)
... Removed 25 stack frames]]>
    </failure>
  </testcase> <!-- @AfterClass Destroy -->
  <testcase classname="nextbridge.com_VisualValidation_MainCode.mainPage" name="mainPageOpening" time="5.443"/>
  <testcase classname="nextbridge.com_VisualValidation_MainCode.mainPage" name="roboticsMachineDesign" time="11.527"/>
  <testcase classname="nextbridge.com_VisualValidation_MainCode.mainPage" name="technologiesLanguageAndFramework" time="12.156"/>
  <testcase classname="nextbridge.com_VisualValidation_MainCode.mainPage" name="lookInsideInitiatives" time="12.933"/>
  <testcase classname="nextbridge.com_VisualValidation_MainCode.mainPage" name="lookInsideEvents" time="11.546"/>
  <testcase classname="nextbridge.com_VisualValidation_MainCode.mainPage" name="technologiesHover" time="0.0">
    <ignored/>
  </testcase> <!-- technologiesHover -->
  <testcase classname="nextbridge.com_VisualValidation_MainCode.mainPage" name="contactClick" time="0.0">
    <ignored/>
  </testcase> <!-- contactClick -->
  <testcase classname="nextbridge.com_VisualValidation_MainCode.mainPage" name="servicesHover" time="0.0">
    <ignored/>
  </testcase> <!-- servicesHover -->
  <testcase classname="nextbridge.com_VisualValidation_MainCode.mainPage" name="servicesSoftwareDevelopment" time="0.0">
    <ignored/>
  </testcase> <!-- servicesSoftwareDevelopment -->
  <testcase classname="nextbridge.com_VisualValidation_MainCode.mainPage" name="roboticsSoftware" time="0.0">
    <ignored/>
  </testcase> <!-- roboticsSoftware -->
  <testcase classname="nextbridge.com_VisualValidation_MainCode.mainPage" name="specializedVerticals" time="0.0">
    <ignored/>
  </testcase> <!-- specializedVerticals -->
  <testcase classname="nextbridge.com_VisualValidation_MainCode.mainPage" name="looInsideHover" time="0.0">
    <ignored/>
  </testcase> <!-- looInsideHover -->
  <testcase classname="nextbridge.com_VisualValidation_MainCode.mainPage" name="aboutClick" time="0.0">
    <ignored/>
  </testcase> <!-- aboutClick -->
</testsuite> <!-- testngTest -->
