<?xml version="1.0" encoding="UTF-8"?>
<testng-results total="6" passed="6" failed="0" skipped="0">
  <reporter-output>
  </reporter-output>
  <suite started-at="2020-03-06T11:59:23Z" name="softwaretestingmaterial" finished-at="2020-03-06T12:00:34Z" duration-ms="70736">
    <groups>
    </groups>
    <test started-at="2020-03-06T11:59:23Z" name="testngTest" finished-at="2020-03-06T12:00:34Z" duration-ms="70736">
      <class name="nextbridge.pk_VisualValidation_MainCode.mainPage">
        <test-method is-config="true" signature="parametersInitializing(java.lang.String)[pri:0, instance:nextbridge.pk_VisualValidation_MainCode.mainPage@71248c21]" started-at="2020-03-06T16:59:23Z" name="parametersInitializing" finished-at="2020-03-06T16:59:34Z" duration-ms="11283" status="PASS">
          <params>
            <param index="0">
              <value>
                <![CDATA[First Five]]>
              </value>
            </param>
          </params>
          <reporter-output>
          </reporter-output>
        </test-method> <!-- parametersInitializing -->
        <test-method signature="mainPageOpening(java.lang.String, java.lang.String)[pri:0, instance:nextbridge.pk_VisualValidation_MainCode.mainPage@71248c21]" started-at="2020-03-06T16:59:34Z" name="mainPageOpening" finished-at="2020-03-06T16:59:39Z" duration-ms="4992" status="PASS">
          <params>
            <param index="0">
              <value>
                <![CDATA[First Five test App]]>
              </value>
            </param>
            <param index="1">
              <value>
                <![CDATA[First Five Tests]]>
              </value>
            </param>
          </params>
          <reporter-output>
          </reporter-output>
        </test-method> <!-- mainPageOpening -->
        <test-method signature="mainPageScreen()[pri:0, instance:nextbridge.pk_VisualValidation_MainCode.mainPage@71248c21]" started-at="2020-03-06T16:59:39Z" name="mainPageScreen" finished-at="2020-03-06T16:59:44Z" duration-ms="5110" status="PASS">
          <reporter-output>
          </reporter-output>
        </test-method> <!-- mainPageScreen -->
        <test-method signature="aboutClick()[pri:0, instance:nextbridge.pk_VisualValidation_MainCode.mainPage@71248c21]" started-at="2020-03-06T16:59:44Z" name="aboutClick" finished-at="2020-03-06T16:59:57Z" duration-ms="12416" status="PASS">
          <reporter-output>
          </reporter-output>
        </test-method> <!-- aboutClick -->
        <test-method signature="contactClick()[pri:0, instance:nextbridge.pk_VisualValidation_MainCode.mainPage@71248c21]" started-at="2020-03-06T16:59:57Z" name="contactClick" finished-at="2020-03-06T17:00:09Z" duration-ms="12753" status="PASS">
          <reporter-output>
          </reporter-output>
        </test-method> <!-- contactClick -->
        <test-method signature="servicesclick()[pri:0, instance:nextbridge.pk_VisualValidation_MainCode.mainPage@71248c21]" started-at="2020-03-06T17:00:09Z" name="servicesclick" finished-at="2020-03-06T17:00:20Z" duration-ms="11010" status="PASS">
          <reporter-output>
          </reporter-output>
        </test-method> <!-- servicesclick -->
        <test-method signature="technologiesclick()[pri:0, instance:nextbridge.pk_VisualValidation_MainCode.mainPage@71248c21]" started-at="2020-03-06T17:00:20Z" name="technologiesclick" finished-at="2020-03-06T17:00:32Z" duration-ms="11218" status="PASS">
          <reporter-output>
          </reporter-output>
        </test-method> <!-- technologiesclick -->
        <test-method is-config="true" signature="Destroy()[pri:0, instance:nextbridge.pk_VisualValidation_MainCode.mainPage@71248c21]" started-at="2020-03-06T17:00:32Z" name="Destroy" finished-at="2020-03-06T17:00:34Z" duration-ms="1941" status="PASS">
          <reporter-output>
          </reporter-output>
        </test-method> <!-- Destroy -->
      </class> <!-- nextbridge.pk_VisualValidation_MainCode.mainPage -->
    </test> <!-- testngTest -->
  </suite> <!-- softwaretestingmaterial -->
</testng-results>
