<?xml version="1.0" encoding="UTF-8"?>
<testsuite xmlns:xsi="http://www.w3.org/2001/XMLSchema-instance" xsi:noNamespaceSchemaLocation="https://maven.apache.org/surefire/maven-surefire-plugin/xsd/surefire-test-report.xsd" name="TestSuite" time="71.532" tests="6" errors="0" skipped="0" failures="0">
  <properties>
[...]
</properties>
  <testcase name="mainPageOpening" classname="nextbridge.pk_VisualValidation_MainCode.mainPage" time="4.991"/>
  <testcase name="mainPageScreen" classname="nextbridge.pk_VisualValidation_MainCode.mainPage" time="5.115"/>
  <testcase name="aboutClick" classname="nextbridge.pk_VisualValidation_MainCode.mainPage" time="12.411"/>
  <testcase name="contactClick" classname="nextbridge.pk_VisualValidation_MainCode.mainPage" time="12.753"/>
  <testcase name="servicesclick" classname="nextbridge.pk_VisualValidation_MainCode.mainPage" time="11.01"/>
  <testcase name="technologiesclick" classname="nextbridge.pk_VisualValidation_MainCode.mainPage" time="11.218"/>
</testsuite>