<?xml version="1.0" encoding="UTF-8"?>
<!-- Generated by org.testng.reporters.JUnitXMLReporter -->
<testsuite ignored="0" hostname="NX00441" failures="0" tests="4" name="Default test" time="48.165" errors="0" timestamp="2020-03-05T19:17:09 PKT">
  <testcase classname="nextbridge.com_VisualValidation_MainCode.mainPage" name="mainPageOpening" time="12.818"/>
  <testcase classname="nextbridge.com_VisualValidation_MainCode.mainPage" name="servicesHover" time="0.516"/>
  <testcase classname="nextbridge.com_VisualValidation_MainCode.mainPage" name="technologiesHover" time="0.27"/>
  <testcase classname="nextbridge.com_VisualValidation_MainCode.mainPage" name="looInsideHover" time="21.748"/>
</testsuite> <!-- Default test -->
